<?xml version="1.0" encoding="UTF-8"?><testsuite errors="0" failures="1" name="com.example.bellatrix.interview.ricardo.features.sort_results.SortResultsStory" skipped="0" tests="3" time="114.1" timestamp="2018-03-02T09:13:36.466Z[UTC]"><testcase classname="com.example.bellatrix.interview.ricardo.features.sort_results.SortResultsStory" name="Order results by descendant price"/><testcase classname="com.example.bellatrix.interview.ricardo.features.sort_results.SortResultsStory" name="Order results by ascendant price"/><testcase classname="com.example.bellatrix.interview.ricardo.features.sort_results.SortResultsStory" name="Order filter results"><failure message="Missing filter 'Filter [filterName=Brand, filterKey=Puma]' - &#10;Expected: an element that is visible&#10;     but: no matching element found by css: [aria-label='PUMA'] was not visible" type="com.example.bellatrix.interview.ricardo.tasks.exceptions.NoMatchingFilterOptionIsVisible">Missing filter 'Filter [filterName=Brand, filterKey=Puma]' - 
Expected: an element that is visible
     but: no matching element found by css: [aria-label='PUMA'] was not visible</failure><system-err>Missing filter 'Filter [filterName=Brand, filterKey=Puma]' - 
Expected: an element that is visible
     but: no matching element found by css: [aria-label='PUMA'] was not visible
com.example.bellatrix.interview.ricardo.tasks.FilterByEbayFilter.performAs(FilterByEbayFilter.java:31)
com.example.bellatrix.interview.ricardo.features.sort_results.SortResultsStory.order_filter_results(SortResultsStory.java:70)
</system-err></testcase></testsuite>