<?xml version="1.0" encoding="UTF-8"?><testsuite errors="1" failures="0" name="com.example.bellatrix.interview.ricardo.features.search_products.SearchProductsStory" skipped="0" tests="1" time="51.5" timestamp="2018-03-02T09:05:49.569Z[UTC]"><testcase classname="com.example.bellatrix.interview.ricardo.features.search_products.SearchProductsStory" name="Search results should show the search term in the results text"><error message="Could not instantiate class org.openqa.selenium.firefox.FirefoxDriver" type="net.thucydides.core.webdriver.UnsupportedDriverException">Could not instantiate class org.openqa.selenium.firefox.FirefoxDriver</error><system-err>Could not instantiate class org.openqa.selenium.firefox.FirefoxDriver
com.example.bellatrix.interview.ricardo.tasks.Start.performAs(Start.java:18)
com.example.bellatrix.interview.ricardo.features.search_products.SearchProductsStory.search_results_should_show_the_search_term_in_the_results_text(SearchProductsStory.java:40)
</system-err></testcase></testsuite>