<?xml version="1.0" encoding="UTF-8"?><testsuite errors="1" failures="0" name="com.example.bellatrix.interview.ricardo.features.search_products.SearchProductsStory" skipped="0" tests="1" time="37.67" timestamp="2019-07-22T11:04:04.564Z[UTC]"><testcase classname="com.example.bellatrix.interview.ricardo.features.search_products.SearchProductsStory" name="Search results should show the search term in the results text"><error message="Expected condition failed: waiting for By.className: rsHdr to be displayed (tried for 5 second(s) with 100 MILLISECONDS interval)&#10;Build info: version: '3.9.1', revision: '63f7b50', time: '2018-02-07T22:25:02.294Z'&#10;System info: host: 'travis-job-95ec598f-c12b-41c8-97f0-385f21177811', ip: '127.0.1.1', os.name: 'Linux', os.arch: 'amd64', os.version: '4.4.0-101-generic', java.version: '1.8.0_151'&#10;Driver info: driver.version: unknown" type="org.openqa.selenium.NoSuchElementException">Expected condition failed: waiting for By.className: rsHdr to be displayed (tried for 5 second(s) with 100 MILLISECONDS interval)
Build info: version: '3.9.1', revision: '63f7b50', time: '2018-02-07T22:25:02.294Z'
System info: host: 'travis-job-95ec598f-c12b-41c8-97f0-385f21177811', ip: '127.0.1.1', os.name: 'Linux', os.arch: 'amd64', os.version: '4.4.0-101-generic', java.version: '1.8.0_151'
Driver info: driver.version: unknown</error><system-err>Expected condition failed: waiting for By.className: rsHdr to be displayed (tried for 5 second(s) with 100 MILLISECONDS interval)
Build info: version: '3.9.1', revision: '63f7b50', time: '2018-02-07T22:25:02.294Z'
System info: host: 'travis-job-95ec598f-c12b-41c8-97f0-385f21177811', ip: '127.0.1.1', os.name: 'Linux', os.arch: 'amd64', os.version: '4.4.0-101-generic', java.version: '1.8.0_151'
Driver info: driver.version: unknown
com.example.bellatrix.interview.ricardo.questions.SearchResultQuestion.answeredBy(SearchResultQuestion.java:16)
com.example.bellatrix.interview.ricardo.questions.SearchResultQuestion.answeredBy(SearchResultQuestion.java:11)
com.example.bellatrix.interview.ricardo.features.search_products.SearchProductsStory.search_results_should_show_the_search_term_in_the_results_text(SearchProductsStory.java:44)
</system-err></testcase></testsuite>