<?xml version="1.0" encoding="UTF-8"?><testsuite errors="3" failures="0" name="com.example.bellatrix.interview.ricardo.features.sort_results.SortResultsStory" skipped="0" tests="3" time="142.78" timestamp="2018-03-02T09:05:49.333Z[UTC]"><testcase classname="com.example.bellatrix.interview.ricardo.features.sort_results.SortResultsStory" name="Order results by descendant price"><error message="Could not instantiate class org.openqa.selenium.firefox.FirefoxDriver" type="net.thucydides.core.webdriver.UnsupportedDriverException">Could not instantiate class org.openqa.selenium.firefox.FirefoxDriver</error><system-err>Could not instantiate class org.openqa.selenium.firefox.FirefoxDriver
com.example.bellatrix.interview.ricardo.tasks.Start.performAs(Start.java:18)
com.example.bellatrix.interview.ricardo.features.sort_results.SortResultsStory.ricardoCanBrowseTheWeb(SortResultsStory.java:47)
</system-err></testcase><testcase classname="com.example.bellatrix.interview.ricardo.features.sort_results.SortResultsStory" name="Order results by ascendant price"><error message="Could not instantiate class org.openqa.selenium.firefox.FirefoxDriver" type="net.thucydides.core.webdriver.UnsupportedDriverException">Could not instantiate class org.openqa.selenium.firefox.FirefoxDriver</error><system-err>Could not instantiate class org.openqa.selenium.firefox.FirefoxDriver
com.example.bellatrix.interview.ricardo.tasks.Start.performAs(Start.java:18)
com.example.bellatrix.interview.ricardo.features.sort_results.SortResultsStory.ricardoCanBrowseTheWeb(SortResultsStory.java:47)
</system-err></testcase><testcase classname="com.example.bellatrix.interview.ricardo.features.sort_results.SortResultsStory" name="Order filter results"><error message="Could not instantiate class org.openqa.selenium.firefox.FirefoxDriver" type="net.thucydides.core.webdriver.UnsupportedDriverException">Could not instantiate class org.openqa.selenium.firefox.FirefoxDriver</error><system-err>Could not instantiate class org.openqa.selenium.firefox.FirefoxDriver
com.example.bellatrix.interview.ricardo.tasks.Start.performAs(Start.java:18)
com.example.bellatrix.interview.ricardo.features.sort_results.SortResultsStory.ricardoCanBrowseTheWeb(SortResultsStory.java:47)
</system-err></testcase></testsuite>