<?xml version="1.0" encoding="UTF-8"?><testsuite errors="3" failures="0" name="com.example.bellatrix.interview.ricardo.features.filter_results.FilterProductsStory" skipped="0" tests="3" time="142.92" timestamp="2018-03-02T09:05:50.048Z[UTC]"><testcase classname="com.example.bellatrix.interview.ricardo.features.filter_results.FilterProductsStory" name="Filter results by brand"><error message="Could not instantiate class org.openqa.selenium.firefox.FirefoxDriver" type="net.thucydides.core.webdriver.UnsupportedDriverException">Could not instantiate class org.openqa.selenium.firefox.FirefoxDriver</error><system-err>Could not instantiate class org.openqa.selenium.firefox.FirefoxDriver
com.example.bellatrix.interview.ricardo.tasks.Start.performAs(Start.java:18)
com.example.bellatrix.interview.ricardo.features.filter_results.FilterProductsStory.filter_results_by_brand(FilterProductsStory.java:49)
</system-err></testcase><testcase classname="com.example.bellatrix.interview.ricardo.features.filter_results.FilterProductsStory" name="Filter results by size"><error message="Could not instantiate class org.openqa.selenium.firefox.FirefoxDriver" type="net.thucydides.core.webdriver.UnsupportedDriverException">Could not instantiate class org.openqa.selenium.firefox.FirefoxDriver</error><system-err>Could not instantiate class org.openqa.selenium.firefox.FirefoxDriver
com.example.bellatrix.interview.ricardo.tasks.Start.performAs(Start.java:18)
com.example.bellatrix.interview.ricardo.features.filter_results.FilterProductsStory.filter_results_by_size(FilterProductsStory.java:58)
</system-err></testcase><testcase classname="com.example.bellatrix.interview.ricardo.features.filter_results.FilterProductsStory" name="Filter results by brand and size"><error message="Could not instantiate class org.openqa.selenium.firefox.FirefoxDriver" type="net.thucydides.core.webdriver.UnsupportedDriverException">Could not instantiate class org.openqa.selenium.firefox.FirefoxDriver</error><system-err>Could not instantiate class org.openqa.selenium.firefox.FirefoxDriver
com.example.bellatrix.interview.ricardo.tasks.Start.performAs(Start.java:18)
com.example.bellatrix.interview.ricardo.features.filter_results.FilterProductsStory.filter_results_by_brand_and_size(FilterProductsStory.java:67)
</system-err></testcase></testsuite>